This is pdfTeX, Version 3.1415926-2.5-1.40.14 (TeX Live 2013) (format=latex 2014.1.4)  18 SEP 2015 12:17
entering extended mode
 restricted \write18 enabled.
 %&-line parsing enabled.
**./images.tex
(./images.tex
LaTeX2e <2011/06/27>
Babel <3.9h> and hyphenation patterns for 78 languages loaded.

(/usr/local/texlive/2013/texmf-dist/tex/latex/base/report.cls
Document Class: report 2007/10/19 v1.4h Standard LaTeX document class
(/usr/local/texlive/2013/texmf-dist/tex/latex/base/size10.clo
File: size10.clo 2007/10/19 v1.4h Standard LaTeX file (size option)
)
\c@part=\count79
\c@chapter=\count80
\c@section=\count81
\c@subsection=\count82
\c@subsubsection=\count83
\c@paragraph=\count84
\c@subparagraph=\count85
\c@figure=\count86
\c@table=\count87
\abovecaptionskip=\skip41
\belowcaptionskip=\skip42
\bibindent=\dimen102
) (/usr/local/texlive/2013/texmf-dist/tex/latex/base/ifthen.sty
Package: ifthen 2001/05/26 v1.1c Standard LaTeX ifthen package (DPC)
) (/usr/local/texlive/2013/texmf-dist/tex/latex/cjk-ko/kotex.sty
Package: kotex 2013/03/23 v1.1 Korean TeX (ko.TeX)
(/usr/local/texlive/2013/texmf-dist/tex/latex/kotex-utf/kotex.cfg) (/usr/local/
texlive/2013/texmf-dist/tex/latex/kotex-utf/kotexutf.sty
Package: kotexutf 2013/10/20 v1.5 typesetting UTF-8 Korean documents
(/usr/local/texlive/2013/texmf-dist/tex/latex/base/inputenc.sty
Package: inputenc 2008/03/30 v1.1d Input encoding file
\inpenc@prehook=\toks14
\inpenc@posthook=\toks15
(/usr/local/texlive/2013/texmf-dist/tex/latex/base/utf8.def
File: utf8.def 2008/04/05 v1.1m UTF-8 support for inputenc
Now handling font encoding OML ...
... no UTF-8 mapping file for font encoding OML
Now handling font encoding T1 ...
... processing UTF-8 mapping file for font encoding T1
(/usr/local/texlive/2013/texmf-dist/tex/latex/base/t1enc.dfu
File: t1enc.dfu 2008/04/05 v1.1m UTF-8 support for inputenc
   defining Unicode char U+00A1 (decimal 161)
   defining Unicode char U+00A3 (decimal 163)
   defining Unicode char U+00AB (decimal 171)
   defining Unicode char U+00BB (decimal 187)
   defining Unicode char U+00BF (decimal 191)
   defining Unicode char U+00C0 (decimal 192)
   defining Unicode char U+00C1 (decimal 193)
   defining Unicode char U+00C2 (decimal 194)
   defining Unicode char U+00C3 (decimal 195)
   defining Unicode char U+00C4 (decimal 196)
   defining Unicode char U+00C5 (decimal 197)
   defining Unicode char U+00C6 (decimal 198)
   defining Unicode char U+00C7 (decimal 199)
   defining Unicode char U+00C8 (decimal 200)
   defining Unicode char U+00C9 (decimal 201)
   defining Unicode char U+00CA (decimal 202)
   defining Unicode char U+00CB (decimal 203)
   defining Unicode char U+00CC (decimal 204)
   defining Unicode char U+00CD (decimal 205)
   defining Unicode char U+00CE (decimal 206)
   defining Unicode char U+00CF (decimal 207)
   defining Unicode char U+00D0 (decimal 208)
   defining Unicode char U+00D1 (decimal 209)
   defining Unicode char U+00D2 (decimal 210)
   defining Unicode char U+00D3 (decimal 211)
   defining Unicode char U+00D4 (decimal 212)
   defining Unicode char U+00D5 (decimal 213)
   defining Unicode char U+00D6 (decimal 214)
   defining Unicode char U+00D8 (decimal 216)
   defining Unicode char U+00D9 (decimal 217)
   defining Unicode char U+00DA (decimal 218)
   defining Unicode char U+00DB (decimal 219)
   defining Unicode char U+00DC (decimal 220)
   defining Unicode char U+00DD (decimal 221)
   defining Unicode char U+00DE (decimal 222)
   defining Unicode char U+00DF (decimal 223)
   defining Unicode char U+00E0 (decimal 224)
   defining Unicode char U+00E1 (decimal 225)
   defining Unicode char U+00E2 (decimal 226)
   defining Unicode char U+00E3 (decimal 227)
   defining Unicode char U+00E4 (decimal 228)
   defining Unicode char U+00E5 (decimal 229)
   defining Unicode char U+00E6 (decimal 230)
   defining Unicode char U+00E7 (decimal 231)
   defining Unicode char U+00E8 (decimal 232)
   defining Unicode char U+00E9 (decimal 233)
   defining Unicode char U+00EA (decimal 234)
   defining Unicode char U+00EB (decimal 235)
   defining Unicode char U+00EC (decimal 236)
   defining Unicode char U+00ED (decimal 237)
   defining Unicode char U+00EE (decimal 238)
   defining Unicode char U+00EF (decimal 239)
   defining Unicode char U+00F0 (decimal 240)
   defining Unicode char U+00F1 (decimal 241)
   defining Unicode char U+00F2 (decimal 242)
   defining Unicode char U+00F3 (decimal 243)
   defining Unicode char U+00F4 (decimal 244)
   defining Unicode char U+00F5 (decimal 245)
   defining Unicode char U+00F6 (decimal 246)
   defining Unicode char U+00F8 (decimal 248)
   defining Unicode char U+00F9 (decimal 249)
   defining Unicode char U+00FA (decimal 250)
   defining Unicode char U+00FB (decimal 251)
   defining Unicode char U+00FC (decimal 252)
   defining Unicode char U+00FD (decimal 253)
   defining Unicode char U+00FE (decimal 254)
   defining Unicode char U+00FF (decimal 255)
   defining Unicode char U+0102 (decimal 258)
   defining Unicode char U+0103 (decimal 259)
   defining Unicode char U+0104 (decimal 260)
   defining Unicode char U+0105 (decimal 261)
   defining Unicode char U+0106 (decimal 262)
   defining Unicode char U+0107 (decimal 263)
   defining Unicode char U+010C (decimal 268)
   defining Unicode char U+010D (decimal 269)
   defining Unicode char U+010E (decimal 270)
   defining Unicode char U+010F (decimal 271)
   defining Unicode char U+0110 (decimal 272)
   defining Unicode char U+0111 (decimal 273)
   defining Unicode char U+0118 (decimal 280)
   defining Unicode char U+0119 (decimal 281)
   defining Unicode char U+011A (decimal 282)
   defining Unicode char U+011B (decimal 283)
   defining Unicode char U+011E (decimal 286)
   defining Unicode char U+011F (decimal 287)
   defining Unicode char U+0130 (decimal 304)
   defining Unicode char U+0131 (decimal 305)
   defining Unicode char U+0132 (decimal 306)
   defining Unicode char U+0133 (decimal 307)
   defining Unicode char U+0139 (decimal 313)
   defining Unicode char U+013A (decimal 314)
   defining Unicode char U+013D (decimal 317)
   defining Unicode char U+013E (decimal 318)
   defining Unicode char U+0141 (decimal 321)
   defining Unicode char U+0142 (decimal 322)
   defining Unicode char U+0143 (decimal 323)
   defining Unicode char U+0144 (decimal 324)
   defining Unicode char U+0147 (decimal 327)
   defining Unicode char U+0148 (decimal 328)
   defining Unicode char U+014A (decimal 330)
   defining Unicode char U+014B (decimal 331)
   defining Unicode char U+0150 (decimal 336)
   defining Unicode char U+0151 (decimal 337)
   defining Unicode char U+0152 (decimal 338)
   defining Unicode char U+0153 (decimal 339)
   defining Unicode char U+0154 (decimal 340)
   defining Unicode char U+0155 (decimal 341)
   defining Unicode char U+0158 (decimal 344)
   defining Unicode char U+0159 (decimal 345)
   defining Unicode char U+015A (decimal 346)
   defining Unicode char U+015B (decimal 347)
   defining Unicode char U+015E (decimal 350)
   defining Unicode char U+015F (decimal 351)
   defining Unicode char U+0160 (decimal 352)
   defining Unicode char U+0161 (decimal 353)
   defining Unicode char U+0162 (decimal 354)
   defining Unicode char U+0163 (decimal 355)
   defining Unicode char U+0164 (decimal 356)
   defining Unicode char U+0165 (decimal 357)
   defining Unicode char U+016E (decimal 366)
   defining Unicode char U+016F (decimal 367)
   defining Unicode char U+0170 (decimal 368)
   defining Unicode char U+0171 (decimal 369)
   defining Unicode char U+0178 (decimal 376)
   defining Unicode char U+0179 (decimal 377)
   defining Unicode char U+017A (decimal 378)
   defining Unicode char U+017B (decimal 379)
   defining Unicode char U+017C (decimal 380)
   defining Unicode char U+017D (decimal 381)
   defining Unicode char U+017E (decimal 382)
   defining Unicode char U+200C (decimal 8204)
   defining Unicode char U+2013 (decimal 8211)
   defining Unicode char U+2014 (decimal 8212)
   defining Unicode char U+2018 (decimal 8216)
   defining Unicode char U+2019 (decimal 8217)
   defining Unicode char U+201A (decimal 8218)
   defining Unicode char U+201C (decimal 8220)
   defining Unicode char U+201D (decimal 8221)
   defining Unicode char U+201E (decimal 8222)
   defining Unicode char U+2030 (decimal 8240)
   defining Unicode char U+2031 (decimal 8241)
   defining Unicode char U+2039 (decimal 8249)
   defining Unicode char U+203A (decimal 8250)
   defining Unicode char U+2423 (decimal 9251)
)
Now handling font encoding OT1 ...
... processing UTF-8 mapping file for font encoding OT1
(/usr/local/texlive/2013/texmf-dist/tex/latex/base/ot1enc.dfu
File: ot1enc.dfu 2008/04/05 v1.1m UTF-8 support for inputenc
   defining Unicode char U+00A1 (decimal 161)
   defining Unicode char U+00A3 (decimal 163)
   defining Unicode char U+00B8 (decimal 184)
   defining Unicode char U+00BF (decimal 191)
   defining Unicode char U+00C5 (decimal 197)
   defining Unicode char U+00C6 (decimal 198)
   defining Unicode char U+00D8 (decimal 216)
   defining Unicode char U+00DF (decimal 223)
   defining Unicode char U+00E6 (decimal 230)
   defining Unicode char U+00EC (decimal 236)
   defining Unicode char U+00ED (decimal 237)
   defining Unicode char U+00EE (decimal 238)
   defining Unicode char U+00EF (decimal 239)
   defining Unicode char U+00F8 (decimal 248)
   defining Unicode char U+0131 (decimal 305)
   defining Unicode char U+0141 (decimal 321)
   defining Unicode char U+0142 (decimal 322)
   defining Unicode char U+0152 (decimal 338)
   defining Unicode char U+0153 (decimal 339)
   defining Unicode char U+2013 (decimal 8211)
   defining Unicode char U+2014 (decimal 8212)
   defining Unicode char U+2018 (decimal 8216)
   defining Unicode char U+2019 (decimal 8217)
   defining Unicode char U+201C (decimal 8220)
   defining Unicode char U+201D (decimal 8221)
)
Now handling font encoding OMS ...
... processing UTF-8 mapping file for font encoding OMS
(/usr/local/texlive/2013/texmf-dist/tex/latex/base/omsenc.dfu
File: omsenc.dfu 2008/04/05 v1.1m UTF-8 support for inputenc
   defining Unicode char U+00A7 (decimal 167)
   defining Unicode char U+00B6 (decimal 182)
   defining Unicode char U+00B7 (decimal 183)
   defining Unicode char U+2020 (decimal 8224)
   defining Unicode char U+2021 (decimal 8225)
   defining Unicode char U+2022 (decimal 8226)
)
Now handling font encoding OMX ...
... no UTF-8 mapping file for font encoding OMX
Now handling font encoding U ...
... no UTF-8 mapping file for font encoding U
   defining Unicode char U+00A9 (decimal 169)
   defining Unicode char U+00AA (decimal 170)
   defining Unicode char U+00AE (decimal 174)
   defining Unicode char U+00BA (decimal 186)
   defining Unicode char U+02C6 (decimal 710)
   defining Unicode char U+02DC (decimal 732)
   defining Unicode char U+200C (decimal 8204)
   defining Unicode char U+2026 (decimal 8230)
   defining Unicode char U+2122 (decimal 8482)
   defining Unicode char U+2423 (decimal 9251)
)) (/usr/local/texlive/2013/texmf-dist/tex/plain/kotex-plain/kotexutf-core.tex
\unih@ngulpoint=\count88
\dhucs@emph@raise=\dimen103
)
Now handling font encoding LUC ...
... processing UTF-8 mapping file for font encoding LUC
(/usr/local/texlive/2013/texmf-dist/tex/latex/kotex-utf/lucenc.dfu
File: lucenc.dfu 2007/09/05 UTF-8 support for dhucs
   defining Unicode char U+00B7 (decimal 183)
   defining Unicode char U+2018 (decimal 8216)
   defining Unicode char U+2019 (decimal 8217)
   defining Unicode char U+201C (decimal 8220)
   defining Unicode char U+201D (decimal 8221)
   defining Unicode char U+3001 (decimal 12289)
   defining Unicode char U+3002 (decimal 12290)
   defining Unicode char U+3008 (decimal 12296)
   defining Unicode char U+3009 (decimal 12297)
   defining Unicode char U+300A (decimal 12298)
   defining Unicode char U+300B (decimal 12299)
   defining Unicode char U+300C (decimal 12300)
   defining Unicode char U+300D (decimal 12301)
   defining Unicode char U+300E (decimal 12302)
   defining Unicode char U+300F (decimal 12303)
   defining Unicode char U+3010 (decimal 12304)
   defining Unicode char U+3011 (decimal 12305)
   defining Unicode char U+3014 (decimal 12308)
   defining Unicode char U+3015 (decimal 12309)
   defining Unicode char U+3016 (decimal 12310)
   defining Unicode char U+3017 (decimal 12311)
   defining Unicode char U+3018 (decimal 12312)
   defining Unicode char U+3019 (decimal 12313)
   defining Unicode char U+301A (decimal 12314)
   defining Unicode char U+301B (decimal 12315)
   defining Unicode char U+FF01 (decimal 65281)
   defining Unicode char U+FF08 (decimal 65288)
   defining Unicode char U+FF09 (decimal 65289)
   defining Unicode char U+FF0C (decimal 65292)
   defining Unicode char U+FF0E (decimal 65294)
   defining Unicode char U+FF1A (decimal 65306)
   defining Unicode char U+FF1B (decimal 65307)
   defining Unicode char U+FF1C (decimal 65308)
   defining Unicode char U+FF1D (decimal 65309)
   defining Unicode char U+FF1E (decimal 65310)
   defining Unicode char U+FF1F (decimal 65311)
   defining Unicode char U+FF3B (decimal 65339)
   defining Unicode char U+FF3D (decimal 65341)
   defining Unicode char U+FF5B (decimal 65371)
   defining Unicode char U+FF5D (decimal 65373)
   defining Unicode char U+FF61 (decimal 65377)
   defining Unicode char U+FF62 (decimal 65378)
   defining Unicode char U+FF63 (decimal 65379)
   defining Unicode char U+FF64 (decimal 65380)
   defining Unicode char U+FF65 (decimal 65381)
)
\@josa=\count89
\josatoks=\toks16
(/usr/local/texlive/2013/texmf-dist/tex/latex/cjk-ko/kolabels-utf.sty
Package: kolabels-utf 2013/02/23 v1.0 UTF-8 Hangul item labels
)))
(/usr/local/texlive/2013/texmf-dist/tex/latex/kotex-utf/contrib/dhucs-interword
.sty
Package: dhucs-interword 2009/03/15
(/usr/local/texlive/2013/texmf-dist/tex/latex/kotex-utf/dhucs.sty
Package: dhucs 2012/11/08 v5.3.2 typesetting UTF-8 Korean documents
)
\dimen@skip=\dimen104
(/usr/local/texlive/2013/texmf-dist/tex/latex/tools/verbatim.sty
Package: verbatim 2003/08/22 v1.5q LaTeX2e package for verbatim enhancements
\every@verbatim=\toks17
\verbatim@line=\toks18
\verbatim@in@stream=\read1
)
\ORIG@spaceskip=\skip43
)   *** Cannot find hangul font-spec file hfontspec.ut ***  
(/usr/local/texlive/2013/texmf-dist/tex/latex/kotex-utf/contrib/dhucs-setspace.
sty
Package: dhucs-setspace 2007/09/21 0.11 Line Spacing control of ko.TeX
(/usr/local/texlive/2013/texmf-dist/tex/latex/setspace/setspace.sty
Package: setspace 2011/12/19 v6.7a set line spacing
))
(/usr/local/texlive/2013/texmf-dist/tex/latex/kotex-utf/contrib/dhucs-gremph.st
y
Package: dhucs-gremph 
(/usr/local/texlive/2013/texmf-dist/tex/latex/xkeyval/xkeyval.sty
Package: xkeyval 2012/10/14 v2.6b package option processing (HA)
(/usr/local/texlive/2013/texmf-dist/tex/generic/xkeyval/xkeyval.tex
\XKV@toks=\toks19
\XKV@tempa@toks=\toks20
\XKV@depth=\count90
File: xkeyval.tex 2012/10/14 v2.6b key=value parser (HA)
(/usr/local/texlive/2013/texmf-dist/tex/generic/xkeyval/keyval.tex)))
LaTeX Info: Redefining \itshape on input line 74.
LaTeX Info: Redefining \slshape on input line 79.
) (/usr/local/texlive/2013/texmf-dist/tex/latex/kotex-utf/contrib/dhucs-cmap.st
y
Package: dhucs-cmap 2007/06/16 searchable PDF for dhucs upon pdftex
(/usr/local/texlive/2013/texmf-dist/tex/generic/oberdiek/ifpdf.sty
Package: ifpdf 2011/01/30 v2.3 Provides the ifpdf switch (HO)
Package ifpdf Info: pdfTeX in PDF mode is not detected.
)) (/usr/local/texlive/2013/texmf-dist/tex/latex/hyperref/hyperref.sty
Package: hyperref 2012/11/06 v6.83m Hypertext links for LaTeX
(/usr/local/texlive/2013/texmf-dist/tex/generic/oberdiek/hobsub-hyperref.sty
Package: hobsub-hyperref 2012/05/28 v1.13 Bundle oberdiek, subset hyperref (HO)

(/usr/local/texlive/2013/texmf-dist/tex/generic/oberdiek/hobsub-generic.sty
Package: hobsub-generic 2012/05/28 v1.13 Bundle oberdiek, subset generic (HO)
Package: hobsub 2012/05/28 v1.13 Construct package bundles (HO)
Package: infwarerr 2010/04/08 v1.3 Providing info/warning/error messages (HO)
Package: ltxcmds 2011/11/09 v1.22 LaTeX kernel commands for general use (HO)
Package: ifluatex 2010/03/01 v1.3 Provides the ifluatex switch (HO)
Package ifluatex Info: LuaTeX not detected.
Package: ifvtex 2010/03/01 v1.5 Detect VTeX and its facilities (HO)
Package ifvtex Info: VTeX not detected.
Package: intcalc 2007/09/27 v1.1 Expandable calculations with integers (HO)
Package hobsub Info: Skipping package `ifpdf' (already loaded).
Package: etexcmds 2011/02/16 v1.5 Avoid name clashes with e-TeX commands (HO)
Package etexcmds Info: Could not find \expanded.
(etexcmds)             That can mean that you are not using pdfTeX 1.50 or
(etexcmds)             that some package has redefined \expanded.
(etexcmds)             In the latter case, load this package earlier.
Package: kvsetkeys 2012/04/25 v1.16 Key value parser (HO)
Package: kvdefinekeys 2011/04/07 v1.3 Define keys (HO)
Package: pdftexcmds 2011/11/29 v0.20 Utility functions of pdfTeX for LuaTeX (HO
)
Package pdftexcmds Info: LuaTeX not detected.
Package pdftexcmds Info: \pdf@primitive is available.
Package pdftexcmds Info: \pdf@ifprimitive is available.
Package pdftexcmds Info: \pdfdraftmode is ignored in DVI mode.
Package: pdfescape 2011/11/25 v1.13 Implements pdfTeX's escape features (HO)
Package: bigintcalc 2012/04/08 v1.3 Expandable calculations on big integers (HO
)
Package: bitset 2011/01/30 v1.1 Handle bit-vector datatype (HO)
Package: uniquecounter 2011/01/30 v1.2 Provide unlimited unique counter (HO)
)
Package hobsub Info: Skipping package `hobsub' (already loaded).
Package: letltxmacro 2010/09/02 v1.4 Let assignment for LaTeX macros (HO)
Package: hopatch 2012/05/28 v1.2 Wrapper for package hooks (HO)
Package: xcolor-patch 2011/01/30 xcolor patch
Package: atveryend 2011/06/30 v1.8 Hooks at the very end of document (HO)
Package atveryend Info: \enddocument detected (standard20110627).
Package: atbegshi 2011/10/05 v1.16 At begin shipout hook (HO)
Package: refcount 2011/10/16 v3.4 Data extraction from label references (HO)
Package: hycolor 2011/01/30 v1.7 Color options for hyperref/bookmark (HO)
) (/usr/local/texlive/2013/texmf-dist/tex/generic/ifxetex/ifxetex.sty
Package: ifxetex 2010/09/12 v0.6 Provides ifxetex conditional
) (/usr/local/texlive/2013/texmf-dist/tex/latex/oberdiek/auxhook.sty
Package: auxhook 2011/03/04 v1.3 Hooks for auxiliary files (HO)
) (/usr/local/texlive/2013/texmf-dist/tex/latex/oberdiek/kvoptions.sty
Package: kvoptions 2011/06/30 v3.11 Key value format for package options (HO)
)
\@linkdim=\dimen105
\Hy@linkcounter=\count91
\Hy@pagecounter=\count92
(/usr/local/texlive/2013/texmf-dist/tex/latex/hyperref/pd1enc.def
File: pd1enc.def 2012/11/06 v6.83m Hyperref: PDFDocEncoding definition (HO)
Now handling font encoding PD1 ...
... no UTF-8 mapping file for font encoding PD1
)
\Hy@SavedSpaceFactor=\count93
(/usr/local/texlive/2013/texmf-dist/tex/latex/latexconfig/hyperref.cfg
File: hyperref.cfg 2002/06/06 v1.2 hyperref configuration of TeXLive
)
Package hyperref Info: Option `draft' set `true' on input line 4319.
Package hyperref Info: Option `unicode' set `true' on input line 4319.
(/usr/local/texlive/2013/texmf-dist/tex/latex/hyperref/puenc.def
File: puenc.def 2012/11/06 v6.83m Hyperref: PDF Unicode definition (HO)
Now handling font encoding PU ...
... no UTF-8 mapping file for font encoding PU
)
Package hyperref Info: Option `bookmarks' set `true' on input line 4319.
Package hyperref Info: Hyper figures OFF on input line 4443.
Package hyperref Info: Link nesting OFF on input line 4448.
Package hyperref Info: Hyper index ON on input line 4451.
Package hyperref Info: Plain pages OFF on input line 4458.
Package hyperref Info: Backreferencing OFF on input line 4463.
Package hyperref Info: Implicit mode ON; LaTeX internals redefined.
Package hyperref Info: Bookmarks ON on input line 4688.
\c@Hy@tempcnt=\count94
(/usr/local/texlive/2013/texmf-dist/tex/latex/url/url.sty
\Urlmuskip=\muskip10
Package: url 2013/09/16  ver 3.4  Verb mode for urls, etc.
)
LaTeX Info: Redefining \url on input line 5041.
\XeTeXLinkMargin=\dimen106
\Fld@menulength=\count95
\Field@Width=\dimen107
\Fld@charsize=\dimen108
Package hyperref Info: Hyper figures OFF on input line 6295.
Package hyperref Info: Link nesting OFF on input line 6300.
Package hyperref Info: Hyper index ON on input line 6303.
Package hyperref Info: backreferencing OFF on input line 6310.
Package hyperref Info: Link coloring OFF on input line 6315.
Package hyperref Info: Link coloring with OCG OFF on input line 6320.
Package hyperref Info: PDF/A mode OFF on input line 6325.
LaTeX Info: Redefining \ref on input line 6365.
LaTeX Info: Redefining \pageref on input line 6369.
\Hy@abspage=\count96
\c@Item=\count97
\c@Hfootnote=\count98
)

Package hyperref Message: Driver: hdvipdfm.

(/usr/local/texlive/2013/texmf-dist/tex/latex/hyperref/hdvipdfm.def
File: hdvipdfm.def 2012/11/06 v6.83m Hyperref driver for dvipdfm
\pdfm@box=\box26
\c@Hy@AnnotLevel=\count99
\HyField@AnnotCount=\count100
\Fld@listcount=\count101
\c@bookmark@seq@number=\count102
(/usr/local/texlive/2013/texmf-dist/tex/latex/oberdiek/rerunfilecheck.sty
Package: rerunfilecheck 2011/04/15 v1.7 Rerun checks for auxiliary files (HO)
Package uniquecounter Info: New unique counter `rerunfilecheck' on input line 2
82.
)
\Hy@SectionHShift=\skip44
) (/usr/local/texlive/2013/../texmf-local/tex/latex/html/html.sty
Package: html 1999/07/19 v1.38 hypertext commands for latex2html (nd, hws, rrm)

\c@lpart=\count103
\c@lchapter=\count104
\c@lsection=\count105
\c@lsubsection=\count106
\c@lsubsubsection=\count107
\c@lparagraph=\count108
\c@lsubparagraph=\count109
\c@lsubsubparagraph=\count110
\ptrfile=\write3
) (/usr/local/texlive/2013/texmf-dist/tex/latex/graphics/graphicx.sty
Package: graphicx 1999/02/16 v1.0f Enhanced LaTeX Graphics (DPC,SPQR)
(/usr/local/texlive/2013/texmf-dist/tex/latex/graphics/graphics.sty
Package: graphics 2009/02/05 v1.0o Standard LaTeX Graphics (DPC,SPQR)
(/usr/local/texlive/2013/texmf-dist/tex/latex/graphics/trig.sty
Package: trig 1999/03/16 v1.09 sin cos tan (DPC)
) (/usr/local/texlive/2013/texmf-dist/tex/latex/latexconfig/graphics.cfg
File: graphics.cfg 2010/04/23 v1.9 graphics configuration of TeX Live
)
Package graphics Info: Driver file: dvips.def on input line 91.
(/usr/local/texlive/2013/texmf-dist/tex/latex/graphics/dvips.def
File: dvips.def 1999/02/16 v3.0i Driver-dependant file (DPC,SPQR)
))
\Gin@req@height=\dimen109
\Gin@req@width=\dimen110
) (/usr/local/texlive/2013/texmf-dist/tex/latex/eepic/epic.sty
Enhancements to Picture Environment. Version 1.2 - Released June 1, 1986
\@@multicnt=\count111
\d@lta=\count112
\@delta=\dimen111
\@@delta=\dimen112
\@gridcnt=\count113
\@joinkind=\count114
\@dotgap=\dimen113
\@ddotgap=\dimen114
\@x@diff=\count115
\@y@diff=\count116
\x@diff=\dimen115
\y@diff=\dimen116
\@dotbox=\box27
\num@segments=\count117
\num@segmentsi=\count118
\@datafile=\read2
) (/usr/local/texlive/2013/texmf-dist/tex/latex/graphics/color.sty
Package: color 2005/11/14 v1.0j Standard LaTeX Color (DPC)
(/usr/local/texlive/2013/texmf-dist/tex/latex/latexconfig/color.cfg
File: color.cfg 2007/01/18 v1.5 color configuration of teTeX/TeXLive
)
Package color Info: Driver file: dvips.def on input line 130.
(/usr/local/texlive/2013/texmf-dist/tex/latex/graphics/dvipsnam.def
File: dvipsnam.def 1999/02/16 v3.0i Driver-dependant file (DPC,SPQR)
))

! LaTeX Error: Option clash for package inputenc.

See the LaTeX manual or LaTeX Companion for explanation.
Type  H <return>  for immediate help.
 ...                                              
                                                  
l.90 
     
The package inputenc has already been loaded with options:
  [utf8]
There has now been an attempt to load it with options
  [latin1]
Adding the global options:
  utf8,latin1
to your \documentclass declaration may fix this.
Try typing  <return>  to proceed.

\sizebox=\box28
\lthtmlwrite=\write4
(./images.aux)
\openout1 = `images.aux'.

LaTeX Font Info:    Checking defaults for OML/cmm/m/it on input line 190.
LaTeX Font Info:    ... okay on input line 190.
LaTeX Font Info:    Checking defaults for T1/cmr/m/n on input line 190.
LaTeX Font Info:    ... okay on input line 190.
LaTeX Font Info:    Checking defaults for OT1/cmr/m/n on input line 190.
LaTeX Font Info:    ... okay on input line 190.
LaTeX Font Info:    Checking defaults for OMS/cmsy/m/n on input line 190.
LaTeX Font Info:    ... okay on input line 190.
LaTeX Font Info:    Checking defaults for OMX/cmex/m/n on input line 190.
LaTeX Font Info:    ... okay on input line 190.
LaTeX Font Info:    Checking defaults for U/cmr/m/n on input line 190.
LaTeX Font Info:    ... okay on input line 190.
LaTeX Font Info:    Checking defaults for LUC/nanummj/m/n on input line 190.
LaTeX Font Info:    Try loading font information for LUC+nanummj on input line 
190.
(/usr/local/texlive/2013/texmf-dist/tex/latex/nanumtype1/lucnanummj.fd
File: lucnanummj.fd 2013/02/12 v0.1 Nanum Myeongjo font definitions
)
LaTeX Font Info:    ... okay on input line 190.
LaTeX Font Info:    Checking defaults for PD1/pdf/m/n on input line 190.
LaTeX Font Info:    ... okay on input line 190.
LaTeX Font Info:    Checking defaults for PU/pdf/m/n on input line 190.
LaTeX Font Info:    ... okay on input line 190.
\AtBeginShipoutBox=\box29

Package hyperref Warning: Draft mode on.

Package hyperref Info: Link coloring OFF on input line 190.
(/usr/local/texlive/2013/texmf-dist/tex/latex/hyperref/nameref.sty
Package: nameref 2012/10/27 v2.43 Cross-referencing by name of section
(/usr/local/texlive/2013/texmf-dist/tex/generic/oberdiek/gettitlestring.sty
Package: gettitlestring 2010/12/03 v1.4 Cleanup title references (HO)
)
\c@section@level=\count119
)
LaTeX Info: Redefining \ref on input line 190.
LaTeX Info: Redefining \pageref on input line 190.
LaTeX Info: Redefining \nameref on input line 190.

latex2htmlLength hsize=451.0pt

latex2htmlLength vsize=554.0pt

latex2htmlLength hoffset=0.0pt

latex2htmlLength voffset=0.0pt

latex2htmlLength topmargin=0.0pt

latex2htmlLength topskip=0.00003pt

latex2htmlLength headheight=0.0pt

latex2htmlLength headsep=0.0pt

latex2htmlLength parskip=4.30554pt

latex2htmlLength oddsidemargin=53.0pt

latex2htmlLength evensidemargin=53.0pt

(/home/cinsk/www/src/cfaqs.src/cfaqs-ko-1.epic
LaTeX Font Info:    External font `cmex10' loaded for size
(Font)              <12> on input line 28.
LaTeX Font Info:    External font `cmex10' loaded for size
(Font)              <8> on input line 28.
LaTeX Font Info:    External font `cmex10' loaded for size
(Font)              <6> on input line 28.
)
l2hSize :center35171:76.93948pt::0.0pt::451.0pt.
[1



]
LaTeX Font Info:    External font `cmex10' loaded for size
(Font)              <7> on input line 290.
LaTeX Font Info:    External font `cmex10' loaded for size
(Font)              <5> on input line 290.
l2hSize :tex2html_wrap_inline10386:8.91226pt::8.91226pt::38.87653pt.
[2


]
l2hSize :tex2html_wrap_inline10388:8.91226pt::8.91226pt::40.54308pt.
[3


]
l2hSize :tex2html_wrap_inline10392:8.91226pt::8.91226pt::56.09868pt.
[4


]
l2hSize :tex2html_wrap_inline10396:8.91226pt::8.91226pt::30.30693pt.
[5


]
l2hSize :tex2html_wrap_inline10398:8.64003pt::8.64003pt::53.95728pt.
[6


]
l2hSize :tex2html_wrap_inline10402:8.91226pt::8.91226pt::30.30693pt.
[7


]
l2hSize :tex2html_wrap_inline10404:8.64003pt::8.64003pt::46.75006pt.
[8


]
l2hSize :tex2html_wrap_inline10406:8.64003pt::8.64003pt::31.19446pt.
[9


]
l2hSize :tex2html_wrap_inline10408:8.64003pt::8.64003pt::31.19446pt.
[10


]
l2hSize :tex2html_wrap_inline10410:8.64003pt::8.64003pt::46.75006pt.
[11


]
l2hSize :tex2html_wrap_inline10412:8.64003pt::8.64003pt::31.19446pt.
[12


]
l2hSize :tex2html_wrap_inline10414:8.64003pt::8.64003pt::31.19446pt.
[13


]
l2hSize :tex2html_wrap_inline12785:6.95831pt::6.95831pt::8.27783pt.
[14


]
l2hSize :tex2html_wrap_inline12787:6.95831pt::6.95831pt::8.27783pt.
[15


]
l2hSize :tex2html_wrap_inline12789:8.64003pt::8.64003pt::31.19446pt.
[16


]
l2hSize :displaymath14462:18.49591pt::0.0pt::451.0pt.
[17


]
l2hSize :tex2html_wrap_inline14466:6.6428pt::0.0pt::9.79416pt.
[18


]
l2hSize :tex2html_wrap_inline14468:6.6428pt::0.0pt::10.94337pt.
[19


]
l2hSize :tex2html_wrap_inline18081:8.0pt::8.0pt::5.50005pt.
[20


]
l2hSize :tex2html_wrap_inline19801:6.95831pt::6.95831pt::13.27785pt.
[21


]
Package atveryend Info: Empty hook `BeforeClearDocument' on input line 448.
Package atveryend Info: Empty hook `AfterLastShipout' on input line 448.
(./images.aux)
Package atveryend Info: Empty hook `AtVeryEndDocument' on input line 448.
Package atveryend Info: Empty hook `AtEndAfterFileList' on input line 448.
Package atveryend Info: Empty hook `AtVeryVeryEnd' on input line 448.
 ) 
Here is how much of TeX's memory you used:
 9944 strings out of 493309
 135369 string characters out of 6137849
 227609 words of memory out of 5000000
 13320 multiletter control sequences out of 15000+600000
 6683 words of font info for 24 fonts, out of 8000000 for 9000
 957 hyphenation exceptions out of 8191
 37i,8n,37p,202b,388s stack positions out of 5000i,500n,10000p,200000b,80000s

Output written on images.dvi (21 pages, 7440 bytes).
